<?xml version="1.0" encoding="UTF-8"?>
<!-- Generated by org.testng.reporters.JUnitXMLReporter -->
<testsuite hostname="DESKTOP-A0OUKA8" failures="0" tests="3" name="Test" time="101.719" errors="0" timestamp="16 Oct 2024 03:35:57 GMT">
  <testcase classname="Illustartion.Chrome2" name="authenticate1" time="26.441"/>
  <testcase classname="Illustartion.Edge2" name="authenticate5" time="34.551"/>
  <testcase classname="Illustartion.Firefox2" name="authenticate6" time="40.706"/>
</testsuite> <!-- Test -->
