<?xml version="1.0" encoding="UTF-8"?>
<testsuite xmlns:xsi="http://www.w3.org/2001/XMLSchema-instance" xsi:noNamespaceSchemaLocation="https://maven.apache.org/surefire/maven-surefire-plugin/xsd/surefire-test-report-3.0.xsd" version="3.0" name="TestSuite" time="102.882" tests="3" errors="0" skipped="0" failures="0">
  <properties>
[...]
</properties>
  <testcase name="authenticate1" classname="Illustartion.Chrome2" time="26.44"/>
  <testcase name="authenticate5" classname="Illustartion.Edge2" time="34.549"/>
  <testcase name="authenticate6" classname="Illustartion.Firefox2" time="40.706"/>
</testsuite>