<?xml version="1.0" encoding="UTF-8"?>
<testng-results total="3" passed="3" failed="0" skipped="0">
  <reporter-output>
  </reporter-output>
  <suite started-at="2024-10-16T03:34:15Z" name="Suite" finished-at="2024-10-16T03:35:57Z" duration-ms="101719">
    <groups>
    </groups>
    <test started-at="2024-10-16T03:34:15Z" name="Test" finished-at="2024-10-16T03:35:57Z" duration-ms="101719">
      <class name="Illustartion.Edge2">
        <test-method signature="authenticate5()[pri:0, instance:Illustartion.Edge2@41ee392b]" started-at="2024-10-16T09:04:42Z" name="authenticate5" finished-at="2024-10-16T09:05:16Z" duration-ms="34551" status="PASS">
          <reporter-output>
          </reporter-output>
        </test-method> <!-- authenticate5 -->
      </class> <!-- Illustartion.Edge2 -->
      <class name="Illustartion.Chrome2">
        <test-method signature="authenticate1()[pri:0, instance:Illustartion.Chrome2@8b96fde]" started-at="2024-10-16T09:04:15Z" name="authenticate1" finished-at="2024-10-16T09:04:42Z" duration-ms="26441" status="PASS">
          <reporter-output>
          </reporter-output>
        </test-method> <!-- authenticate1 -->
      </class> <!-- Illustartion.Chrome2 -->
      <class name="Illustartion.Firefox2">
        <test-method signature="authenticate6()[pri:0, instance:Illustartion.Firefox2@1e67a849]" started-at="2024-10-16T09:05:16Z" name="authenticate6" finished-at="2024-10-16T09:05:57Z" duration-ms="40706" status="PASS">
          <reporter-output>
          </reporter-output>
        </test-method> <!-- authenticate6 -->
      </class> <!-- Illustartion.Firefox2 -->
    </test> <!-- Test -->
  </suite> <!-- Suite -->
</testng-results>
